<?xml version="1.0" encoding="UTF-8"?>
<testsuite xmlns:xsi="http://www.w3.org/2001/XMLSchema-instance" xsi:noNamespaceSchemaLocation="https://maven.apache.org/surefire/maven-surefire-plugin/xsd/surefire-test-report.xsd" name="io.github.flexcode.camunda.tools.delegate.GenericDelegateTest" time="0.775" tests="3" errors="0" skipped="0" failures="0">
  <properties>
    <property name="gopherProxySet" value="false"/>
    <property name="awt.toolkit" value="sun.lwawt.macosx.LWCToolkit"/>
    <property name="java.specification.version" value="11"/>
    <property name="sun.cpu.isalist" value=""/>
    <property name="sun.jnu.encoding" value="UTF-8"/>
    <property name="java.class.path" value="/Users/ruabtmh/Desktop/projects/flexcode/camunda-tools/camunda-tools-starter/target/test-classes:/Users/ruabtmh/Desktop/projects/flexcode/camunda-tools/camunda-tools-starter/target/classes:/Users/ruabtmh/.m2/repository/org/springframework/boot/spring-boot-starter/2.7.2/spring-boot-starter-2.7.2.jar:/Users/ruabtmh/.m2/repository/org/springframework/boot/spring-boot/2.7.2/spring-boot-2.7.2.jar:/Users/ruabtmh/.m2/repository/org/springframework/spring-context/5.3.22/spring-context-5.3.22.jar:/Users/ruabtmh/.m2/repository/org/springframework/spring-expression/5.3.22/spring-expression-5.3.22.jar:/Users/ruabtmh/.m2/repository/org/springframework/boot/spring-boot-autoconfigure/2.7.2/spring-boot-autoconfigure-2.7.2.jar:/Users/ruabtmh/.m2/repository/org/springframework/boot/spring-boot-starter-logging/2.7.2/spring-boot-starter-logging-2.7.2.jar:/Users/ruabtmh/.m2/repository/ch/qos/logback/logback-classic/1.2.11/logback-classic-1.2.11.jar:/Users/ruabtmh/.m2/repository/ch/qos/logback/logback-core/1.2.11/logback-core-1.2.11.jar:/Users/ruabtmh/.m2/repository/org/apache/logging/log4j/log4j-to-slf4j/2.17.2/log4j-to-slf4j-2.17.2.jar:/Users/ruabtmh/.m2/repository/org/apache/logging/log4j/log4j-api/2.17.2/log4j-api-2.17.2.jar:/Users/ruabtmh/.m2/repository/org/slf4j/jul-to-slf4j/1.7.36/jul-to-slf4j-1.7.36.jar:/Users/ruabtmh/.m2/repository/jakarta/annotation/jakarta.annotation-api/1.3.5/jakarta.annotation-api-1.3.5.jar:/Users/ruabtmh/.m2/repository/org/springframework/spring-core/5.3.22/spring-core-5.3.22.jar:/Users/ruabtmh/.m2/repository/org/springframework/spring-jcl/5.3.22/spring-jcl-5.3.22.jar:/Users/ruabtmh/.m2/repository/org/yaml/snakeyaml/1.30/snakeyaml-1.30.jar:/Users/ruabtmh/.m2/repository/org/springframework/boot/spring-boot-starter-aop/2.7.2/spring-boot-starter-aop-2.7.2.jar:/Users/ruabtmh/.m2/repository/org/springframework/spring-aop/5.3.22/spring-aop-5.3.22.jar:/Users/ruabtmh/.m2/repository/org/aspectj/aspectjweaver/1.9.7/aspectjweaver-1.9.7.jar:/Users/ruabtmh/.m2/repository/org/apache/commons/commons-lang3/3.12.0/commons-lang3-3.12.0.jar:/Users/ruabtmh/.m2/repository/org/apache/commons/commons-collections4/4.4/commons-collections4-4.4.jar:/Users/ruabtmh/.m2/repository/org/camunda/bpm/camunda-engine/7.17.0/camunda-engine-7.17.0.jar:/Users/ruabtmh/.m2/repository/org/camunda/bpm/model/camunda-bpmn-model/7.17.0/camunda-bpmn-model-7.17.0.jar:/Users/ruabtmh/.m2/repository/org/camunda/bpm/model/camunda-xml-model/7.17.0/camunda-xml-model-7.17.0.jar:/Users/ruabtmh/.m2/repository/org/camunda/bpm/model/camunda-cmmn-model/7.17.0/camunda-cmmn-model-7.17.0.jar:/Users/ruabtmh/.m2/repository/org/camunda/bpm/dmn/camunda-engine-dmn/7.17.0/camunda-engine-dmn-7.17.0.jar:/Users/ruabtmh/.m2/repository/org/camunda/commons/camunda-commons-utils/1.10.0/camunda-commons-utils-1.10.0.jar:/Users/ruabtmh/.m2/repository/org/camunda/bpm/model/camunda-dmn-model/7.17.0/camunda-dmn-model-7.17.0.jar:/Users/ruabtmh/.m2/repository/org/camunda/bpm/dmn/camunda-engine-feel-api/7.17.0/camunda-engine-feel-api-7.17.0.jar:/Users/ruabtmh/.m2/repository/org/camunda/bpm/dmn/camunda-engine-feel-juel/7.17.0/camunda-engine-feel-juel-7.17.0.jar:/Users/ruabtmh/.m2/repository/org/camunda/bpm/dmn/camunda-engine-feel-scala/7.17.0/camunda-engine-feel-scala-7.17.0.jar:/Users/ruabtmh/.m2/repository/org/camunda/feel/feel-engine/1.13.3/feel-engine-1.13.3-scala-shaded.jar:/Users/ruabtmh/.m2/repository/org/camunda/commons/camunda-commons-logging/1.10.0/camunda-commons-logging-1.10.0.jar:/Users/ruabtmh/.m2/repository/org/camunda/commons/camunda-commons-typed-values/7.17.0/camunda-commons-typed-values-7.17.0.jar:/Users/ruabtmh/.m2/repository/org/mybatis/mybatis/3.5.6/mybatis-3.5.6.jar:/Users/ruabtmh/.m2/repository/org/springframework/spring-beans/5.3.22/spring-beans-5.3.22.jar:/Users/ruabtmh/.m2/repository/joda-time/joda-time/2.1/joda-time-2.1.jar:/Users/ruabtmh/.m2/repository/org/camunda/connect/camunda-connect-core/1.5.2/camunda-connect-core-1.5.2.jar:/Users/ruabtmh/.m2/repository/org/camunda/connect/camunda-connect-connectors-all/1.5.2/camunda-connect-connectors-all-1.5.2.jar:/Users/ruabtmh/.m2/repository/org/camunda/bpm/camunda-engine-plugin-connect/7.17.0/camunda-engine-plugin-connect-7.17.0.jar:/Users/ruabtmh/.m2/repository/org/camunda/bpm/camunda-engine-plugin-spin/7.17.0/camunda-engine-plugin-spin-7.17.0.jar:/Users/ruabtmh/.m2/repository/org/camunda/spin/camunda-spin-core/1.14.0/camunda-spin-core-1.14.0.jar:/Users/ruabtmh/.m2/repository/org/camunda/bpm/assert/camunda-bpm-assert/15.0.0/camunda-bpm-assert-15.0.0.jar:/Users/ruabtmh/.m2/repository/org/camunda/bpm/extension/camunda-bpm-junit5/1.1.0/camunda-bpm-junit5-1.1.0.jar:/Users/ruabtmh/.m2/repository/org/camunda/bpm/extension/mockito/camunda-bpm-mockito/5.16.0/camunda-bpm-mockito-5.16.0.jar:/Users/ruabtmh/.m2/repository/io/holunda/data/camunda-bpm-data/1.2.3/camunda-bpm-data-1.2.3.jar:/Users/ruabtmh/.m2/repository/org/jetbrains/kotlin/kotlin-stdlib-common/1.6.21/kotlin-stdlib-common-1.6.21.jar:/Users/ruabtmh/.m2/repository/org/jetbrains/kotlin/kotlin-stdlib-jdk8/1.6.21/kotlin-stdlib-jdk8-1.6.21.jar:/Users/ruabtmh/.m2/repository/org/jetbrains/kotlin/kotlin-stdlib/1.6.21/kotlin-stdlib-1.6.21.jar:/Users/ruabtmh/.m2/repository/org/jetbrains/kotlin/kotlin-stdlib-jdk7/1.6.21/kotlin-stdlib-jdk7-1.6.21.jar:/Users/ruabtmh/.m2/repository/org/jetbrains/kotlin/kotlin-reflect/1.6.21/kotlin-reflect-1.6.21.jar:/Users/ruabtmh/.m2/repository/com/fasterxml/jackson/core/jackson-annotations/2.13.3/jackson-annotations-2.13.3.jar:/Users/ruabtmh/.m2/repository/com/fasterxml/jackson/core/jackson-databind/2.13.3/jackson-databind-2.13.3.jar:/Users/ruabtmh/.m2/repository/com/fasterxml/jackson/core/jackson-core/2.13.3/jackson-core-2.13.3.jar:/Users/ruabtmh/.m2/repository/org/jetbrains/annotations/20.1.0/annotations-20.1.0.jar:/Users/ruabtmh/.m2/repository/com/google/code/findbugs/jsr305/3.0.2/jsr305-3.0.2.jar:/Users/ruabtmh/.m2/repository/org/slf4j/slf4j-api/1.7.36/slf4j-api-1.7.36.jar:/Users/ruabtmh/.m2/repository/org/springframework/boot/spring-boot-starter-test/2.7.2/spring-boot-starter-test-2.7.2.jar:/Users/ruabtmh/.m2/repository/org/springframework/boot/spring-boot-test/2.7.2/spring-boot-test-2.7.2.jar:/Users/ruabtmh/.m2/repository/org/springframework/boot/spring-boot-test-autoconfigure/2.7.2/spring-boot-test-autoconfigure-2.7.2.jar:/Users/ruabtmh/.m2/repository/com/jayway/jsonpath/json-path/2.7.0/json-path-2.7.0.jar:/Users/ruabtmh/.m2/repository/net/minidev/json-smart/2.4.8/json-smart-2.4.8.jar:/Users/ruabtmh/.m2/repository/net/minidev/accessors-smart/2.4.8/accessors-smart-2.4.8.jar:/Users/ruabtmh/.m2/repository/org/ow2/asm/asm/9.1/asm-9.1.jar:/Users/ruabtmh/.m2/repository/jakarta/xml/bind/jakarta.xml.bind-api/2.3.3/jakarta.xml.bind-api-2.3.3.jar:/Users/ruabtmh/.m2/repository/jakarta/activation/jakarta.activation-api/1.2.2/jakarta.activation-api-1.2.2.jar:/Users/ruabtmh/.m2/repository/org/assertj/assertj-core/3.22.0/assertj-core-3.22.0.jar:/Users/ruabtmh/.m2/repository/org/hamcrest/hamcrest/2.2/hamcrest-2.2.jar:/Users/ruabtmh/.m2/repository/org/junit/jupiter/junit-jupiter/5.8.2/junit-jupiter-5.8.2.jar:/Users/ruabtmh/.m2/repository/org/junit/jupiter/junit-jupiter-api/5.8.2/junit-jupiter-api-5.8.2.jar:/Users/ruabtmh/.m2/repository/org/opentest4j/opentest4j/1.2.0/opentest4j-1.2.0.jar:/Users/ruabtmh/.m2/repository/org/junit/platform/junit-platform-commons/1.8.2/junit-platform-commons-1.8.2.jar:/Users/ruabtmh/.m2/repository/org/apiguardian/apiguardian-api/1.1.2/apiguardian-api-1.1.2.jar:/Users/ruabtmh/.m2/repository/org/junit/jupiter/junit-jupiter-params/5.8.2/junit-jupiter-params-5.8.2.jar:/Users/ruabtmh/.m2/repository/org/junit/jupiter/junit-jupiter-engine/5.8.2/junit-jupiter-engine-5.8.2.jar:/Users/ruabtmh/.m2/repository/org/junit/platform/junit-platform-engine/1.8.2/junit-platform-engine-1.8.2.jar:/Users/ruabtmh/.m2/repository/org/mockito/mockito-core/4.5.1/mockito-core-4.5.1.jar:/Users/ruabtmh/.m2/repository/net/bytebuddy/byte-buddy/1.12.12/byte-buddy-1.12.12.jar:/Users/ruabtmh/.m2/repository/net/bytebuddy/byte-buddy-agent/1.12.12/byte-buddy-agent-1.12.12.jar:/Users/ruabtmh/.m2/repository/org/objenesis/objenesis/3.2/objenesis-3.2.jar:/Users/ruabtmh/.m2/repository/org/mockito/mockito-junit-jupiter/4.5.1/mockito-junit-jupiter-4.5.1.jar:/Users/ruabtmh/.m2/repository/org/skyscreamer/jsonassert/1.5.1/jsonassert-1.5.1.jar:/Users/ruabtmh/.m2/repository/com/vaadin/external/google/android-json/0.0.20131108.vaadin1/android-json-0.0.20131108.vaadin1.jar:/Users/ruabtmh/.m2/repository/org/springframework/spring-test/5.3.22/spring-test-5.3.22.jar:/Users/ruabtmh/.m2/repository/org/xmlunit/xmlunit-core/2.9.0/xmlunit-core-2.9.0.jar:/Users/ruabtmh/.m2/repository/com/h2database/h2/1.4.200/h2-1.4.200.jar:"/>
    <property name="java.vm.vendor" value="AdoptOpenJDK"/>
    <property name="sun.arch.data.model" value="64"/>
    <property name="java.vendor.url" value="https://adoptopenjdk.net/"/>
    <property name="user.timezone" value=""/>
    <property name="java.vm.specification.version" value="11"/>
    <property name="os.name" value="Mac OS X"/>
    <property name="sun.java.launcher" value="SUN_STANDARD"/>
    <property name="user.country" value="RU"/>
    <property name="sun.boot.library.path" value="/Library/Java/JavaVirtualMachines/adoptopenjdk-11.jdk/Contents/Home/lib"/>
    <property name="sun.java.command" value="/Users/ruabtmh/Desktop/projects/flexcode/camunda-tools/camunda-tools-starter/target/surefire/surefirebooter14057021135823802066.jar /Users/ruabtmh/Desktop/projects/flexcode/camunda-tools/camunda-tools-starter/target/surefire 2022-08-01T17-48-18_828-jvmRun1 surefire16263991416888102232tmp surefire_017213425655350169657tmp"/>
    <property name="jdk.debug" value="release"/>
    <property name="surefire.test.class.path" value="/Users/ruabtmh/Desktop/projects/flexcode/camunda-tools/camunda-tools-starter/target/test-classes:/Users/ruabtmh/Desktop/projects/flexcode/camunda-tools/camunda-tools-starter/target/classes:/Users/ruabtmh/.m2/repository/org/springframework/boot/spring-boot-starter/2.7.2/spring-boot-starter-2.7.2.jar:/Users/ruabtmh/.m2/repository/org/springframework/boot/spring-boot/2.7.2/spring-boot-2.7.2.jar:/Users/ruabtmh/.m2/repository/org/springframework/spring-context/5.3.22/spring-context-5.3.22.jar:/Users/ruabtmh/.m2/repository/org/springframework/spring-expression/5.3.22/spring-expression-5.3.22.jar:/Users/ruabtmh/.m2/repository/org/springframework/boot/spring-boot-autoconfigure/2.7.2/spring-boot-autoconfigure-2.7.2.jar:/Users/ruabtmh/.m2/repository/org/springframework/boot/spring-boot-starter-logging/2.7.2/spring-boot-starter-logging-2.7.2.jar:/Users/ruabtmh/.m2/repository/ch/qos/logback/logback-classic/1.2.11/logback-classic-1.2.11.jar:/Users/ruabtmh/.m2/repository/ch/qos/logback/logback-core/1.2.11/logback-core-1.2.11.jar:/Users/ruabtmh/.m2/repository/org/apache/logging/log4j/log4j-to-slf4j/2.17.2/log4j-to-slf4j-2.17.2.jar:/Users/ruabtmh/.m2/repository/org/apache/logging/log4j/log4j-api/2.17.2/log4j-api-2.17.2.jar:/Users/ruabtmh/.m2/repository/org/slf4j/jul-to-slf4j/1.7.36/jul-to-slf4j-1.7.36.jar:/Users/ruabtmh/.m2/repository/jakarta/annotation/jakarta.annotation-api/1.3.5/jakarta.annotation-api-1.3.5.jar:/Users/ruabtmh/.m2/repository/org/springframework/spring-core/5.3.22/spring-core-5.3.22.jar:/Users/ruabtmh/.m2/repository/org/springframework/spring-jcl/5.3.22/spring-jcl-5.3.22.jar:/Users/ruabtmh/.m2/repository/org/yaml/snakeyaml/1.30/snakeyaml-1.30.jar:/Users/ruabtmh/.m2/repository/org/springframework/boot/spring-boot-starter-aop/2.7.2/spring-boot-starter-aop-2.7.2.jar:/Users/ruabtmh/.m2/repository/org/springframework/spring-aop/5.3.22/spring-aop-5.3.22.jar:/Users/ruabtmh/.m2/repository/org/aspectj/aspectjweaver/1.9.7/aspectjweaver-1.9.7.jar:/Users/ruabtmh/.m2/repository/org/apache/commons/commons-lang3/3.12.0/commons-lang3-3.12.0.jar:/Users/ruabtmh/.m2/repository/org/apache/commons/commons-collections4/4.4/commons-collections4-4.4.jar:/Users/ruabtmh/.m2/repository/org/camunda/bpm/camunda-engine/7.17.0/camunda-engine-7.17.0.jar:/Users/ruabtmh/.m2/repository/org/camunda/bpm/model/camunda-bpmn-model/7.17.0/camunda-bpmn-model-7.17.0.jar:/Users/ruabtmh/.m2/repository/org/camunda/bpm/model/camunda-xml-model/7.17.0/camunda-xml-model-7.17.0.jar:/Users/ruabtmh/.m2/repository/org/camunda/bpm/model/camunda-cmmn-model/7.17.0/camunda-cmmn-model-7.17.0.jar:/Users/ruabtmh/.m2/repository/org/camunda/bpm/dmn/camunda-engine-dmn/7.17.0/camunda-engine-dmn-7.17.0.jar:/Users/ruabtmh/.m2/repository/org/camunda/commons/camunda-commons-utils/1.10.0/camunda-commons-utils-1.10.0.jar:/Users/ruabtmh/.m2/repository/org/camunda/bpm/model/camunda-dmn-model/7.17.0/camunda-dmn-model-7.17.0.jar:/Users/ruabtmh/.m2/repository/org/camunda/bpm/dmn/camunda-engine-feel-api/7.17.0/camunda-engine-feel-api-7.17.0.jar:/Users/ruabtmh/.m2/repository/org/camunda/bpm/dmn/camunda-engine-feel-juel/7.17.0/camunda-engine-feel-juel-7.17.0.jar:/Users/ruabtmh/.m2/repository/org/camunda/bpm/dmn/camunda-engine-feel-scala/7.17.0/camunda-engine-feel-scala-7.17.0.jar:/Users/ruabtmh/.m2/repository/org/camunda/feel/feel-engine/1.13.3/feel-engine-1.13.3-scala-shaded.jar:/Users/ruabtmh/.m2/repository/org/camunda/commons/camunda-commons-logging/1.10.0/camunda-commons-logging-1.10.0.jar:/Users/ruabtmh/.m2/repository/org/camunda/commons/camunda-commons-typed-values/7.17.0/camunda-commons-typed-values-7.17.0.jar:/Users/ruabtmh/.m2/repository/org/mybatis/mybatis/3.5.6/mybatis-3.5.6.jar:/Users/ruabtmh/.m2/repository/org/springframework/spring-beans/5.3.22/spring-beans-5.3.22.jar:/Users/ruabtmh/.m2/repository/joda-time/joda-time/2.1/joda-time-2.1.jar:/Users/ruabtmh/.m2/repository/org/camunda/connect/camunda-connect-core/1.5.2/camunda-connect-core-1.5.2.jar:/Users/ruabtmh/.m2/repository/org/camunda/connect/camunda-connect-connectors-all/1.5.2/camunda-connect-connectors-all-1.5.2.jar:/Users/ruabtmh/.m2/repository/org/camunda/bpm/camunda-engine-plugin-connect/7.17.0/camunda-engine-plugin-connect-7.17.0.jar:/Users/ruabtmh/.m2/repository/org/camunda/bpm/camunda-engine-plugin-spin/7.17.0/camunda-engine-plugin-spin-7.17.0.jar:/Users/ruabtmh/.m2/repository/org/camunda/spin/camunda-spin-core/1.14.0/camunda-spin-core-1.14.0.jar:/Users/ruabtmh/.m2/repository/org/camunda/bpm/assert/camunda-bpm-assert/15.0.0/camunda-bpm-assert-15.0.0.jar:/Users/ruabtmh/.m2/repository/org/camunda/bpm/extension/camunda-bpm-junit5/1.1.0/camunda-bpm-junit5-1.1.0.jar:/Users/ruabtmh/.m2/repository/org/camunda/bpm/extension/mockito/camunda-bpm-mockito/5.16.0/camunda-bpm-mockito-5.16.0.jar:/Users/ruabtmh/.m2/repository/io/holunda/data/camunda-bpm-data/1.2.3/camunda-bpm-data-1.2.3.jar:/Users/ruabtmh/.m2/repository/org/jetbrains/kotlin/kotlin-stdlib-common/1.6.21/kotlin-stdlib-common-1.6.21.jar:/Users/ruabtmh/.m2/repository/org/jetbrains/kotlin/kotlin-stdlib-jdk8/1.6.21/kotlin-stdlib-jdk8-1.6.21.jar:/Users/ruabtmh/.m2/repository/org/jetbrains/kotlin/kotlin-stdlib/1.6.21/kotlin-stdlib-1.6.21.jar:/Users/ruabtmh/.m2/repository/org/jetbrains/kotlin/kotlin-stdlib-jdk7/1.6.21/kotlin-stdlib-jdk7-1.6.21.jar:/Users/ruabtmh/.m2/repository/org/jetbrains/kotlin/kotlin-reflect/1.6.21/kotlin-reflect-1.6.21.jar:/Users/ruabtmh/.m2/repository/com/fasterxml/jackson/core/jackson-annotations/2.13.3/jackson-annotations-2.13.3.jar:/Users/ruabtmh/.m2/repository/com/fasterxml/jackson/core/jackson-databind/2.13.3/jackson-databind-2.13.3.jar:/Users/ruabtmh/.m2/repository/com/fasterxml/jackson/core/jackson-core/2.13.3/jackson-core-2.13.3.jar:/Users/ruabtmh/.m2/repository/org/jetbrains/annotations/20.1.0/annotations-20.1.0.jar:/Users/ruabtmh/.m2/repository/com/google/code/findbugs/jsr305/3.0.2/jsr305-3.0.2.jar:/Users/ruabtmh/.m2/repository/org/slf4j/slf4j-api/1.7.36/slf4j-api-1.7.36.jar:/Users/ruabtmh/.m2/repository/org/springframework/boot/spring-boot-starter-test/2.7.2/spring-boot-starter-test-2.7.2.jar:/Users/ruabtmh/.m2/repository/org/springframework/boot/spring-boot-test/2.7.2/spring-boot-test-2.7.2.jar:/Users/ruabtmh/.m2/repository/org/springframework/boot/spring-boot-test-autoconfigure/2.7.2/spring-boot-test-autoconfigure-2.7.2.jar:/Users/ruabtmh/.m2/repository/com/jayway/jsonpath/json-path/2.7.0/json-path-2.7.0.jar:/Users/ruabtmh/.m2/repository/net/minidev/json-smart/2.4.8/json-smart-2.4.8.jar:/Users/ruabtmh/.m2/repository/net/minidev/accessors-smart/2.4.8/accessors-smart-2.4.8.jar:/Users/ruabtmh/.m2/repository/org/ow2/asm/asm/9.1/asm-9.1.jar:/Users/ruabtmh/.m2/repository/jakarta/xml/bind/jakarta.xml.bind-api/2.3.3/jakarta.xml.bind-api-2.3.3.jar:/Users/ruabtmh/.m2/repository/jakarta/activation/jakarta.activation-api/1.2.2/jakarta.activation-api-1.2.2.jar:/Users/ruabtmh/.m2/repository/org/assertj/assertj-core/3.22.0/assertj-core-3.22.0.jar:/Users/ruabtmh/.m2/repository/org/hamcrest/hamcrest/2.2/hamcrest-2.2.jar:/Users/ruabtmh/.m2/repository/org/junit/jupiter/junit-jupiter/5.8.2/junit-jupiter-5.8.2.jar:/Users/ruabtmh/.m2/repository/org/junit/jupiter/junit-jupiter-api/5.8.2/junit-jupiter-api-5.8.2.jar:/Users/ruabtmh/.m2/repository/org/opentest4j/opentest4j/1.2.0/opentest4j-1.2.0.jar:/Users/ruabtmh/.m2/repository/org/junit/platform/junit-platform-commons/1.8.2/junit-platform-commons-1.8.2.jar:/Users/ruabtmh/.m2/repository/org/apiguardian/apiguardian-api/1.1.2/apiguardian-api-1.1.2.jar:/Users/ruabtmh/.m2/repository/org/junit/jupiter/junit-jupiter-params/5.8.2/junit-jupiter-params-5.8.2.jar:/Users/ruabtmh/.m2/repository/org/junit/jupiter/junit-jupiter-engine/5.8.2/junit-jupiter-engine-5.8.2.jar:/Users/ruabtmh/.m2/repository/org/junit/platform/junit-platform-engine/1.8.2/junit-platform-engine-1.8.2.jar:/Users/ruabtmh/.m2/repository/org/mockito/mockito-core/4.5.1/mockito-core-4.5.1.jar:/Users/ruabtmh/.m2/repository/net/bytebuddy/byte-buddy/1.12.12/byte-buddy-1.12.12.jar:/Users/ruabtmh/.m2/repository/net/bytebuddy/byte-buddy-agent/1.12.12/byte-buddy-agent-1.12.12.jar:/Users/ruabtmh/.m2/repository/org/objenesis/objenesis/3.2/objenesis-3.2.jar:/Users/ruabtmh/.m2/repository/org/mockito/mockito-junit-jupiter/4.5.1/mockito-junit-jupiter-4.5.1.jar:/Users/ruabtmh/.m2/repository/org/skyscreamer/jsonassert/1.5.1/jsonassert-1.5.1.jar:/Users/ruabtmh/.m2/repository/com/vaadin/external/google/android-json/0.0.20131108.vaadin1/android-json-0.0.20131108.vaadin1.jar:/Users/ruabtmh/.m2/repository/org/springframework/spring-test/5.3.22/spring-test-5.3.22.jar:/Users/ruabtmh/.m2/repository/org/xmlunit/xmlunit-core/2.9.0/xmlunit-core-2.9.0.jar:/Users/ruabtmh/.m2/repository/com/h2database/h2/1.4.200/h2-1.4.200.jar:"/>
    <property name="sun.cpu.endian" value="little"/>
    <property name="user.home" value="/Users/ruabtmh"/>
    <property name="user.language" value="ru"/>
    <property name="java.specification.vendor" value="Oracle Corporation"/>
    <property name="java.version.date" value="2021-04-20"/>
    <property name="java.home" value="/Library/Java/JavaVirtualMachines/adoptopenjdk-11.jdk/Contents/Home"/>
    <property name="file.separator" value="/"/>
    <property name="basedir" value="/Users/ruabtmh/Desktop/projects/flexcode/camunda-tools/camunda-tools-starter"/>
    <property name="java.vm.compressedOopsMode" value="Zero based"/>
    <property name="line.separator" value="&#10;"/>
    <property name="java.specification.name" value="Java Platform API Specification"/>
    <property name="java.vm.specification.vendor" value="Oracle Corporation"/>
    <property name="java.awt.graphicsenv" value="sun.awt.CGraphicsEnvironment"/>
    <property name="surefire.real.class.path" value="/Users/ruabtmh/Desktop/projects/flexcode/camunda-tools/camunda-tools-starter/target/surefire/surefirebooter14057021135823802066.jar"/>
    <property name="sun.management.compiler" value="HotSpot 64-Bit Tiered Compilers"/>
    <property name="java.runtime.version" value="11.0.11+9"/>
    <property name="user.name" value="ruabtmh"/>
    <property name="path.separator" value=":"/>
    <property name="os.version" value="11.5"/>
    <property name="java.runtime.name" value="OpenJDK Runtime Environment"/>
    <property name="file.encoding" value="UTF-8"/>
    <property name="java.vm.name" value="OpenJDK 64-Bit Server VM"/>
    <property name="java.vendor.version" value="AdoptOpenJDK-11.0.11+9"/>
    <property name="localRepository" value="/Users/ruabtmh/.m2/repository"/>
    <property name="java.vendor.url.bug" value="https://github.com/AdoptOpenJDK/openjdk-support/issues"/>
    <property name="java.io.tmpdir" value="/var/folders/wb/18qrqycn761g_zxlzmkfh161jc52z2/T/"/>
    <property name="idea.version" value="2021.2.3"/>
    <property name="java.version" value="11.0.11"/>
    <property name="user.dir" value="/Users/ruabtmh/Desktop/projects/flexcode/camunda-tools/camunda-tools-starter"/>
    <property name="os.arch" value="x86_64"/>
    <property name="java.vm.specification.name" value="Java Virtual Machine Specification"/>
    <property name="java.awt.printerjob" value="sun.lwawt.macosx.CPrinterJob"/>
    <property name="sun.os.patch.level" value="unknown"/>
    <property name="java.library.path" value="/Users/ruabtmh/Library/Java/Extensions:/Library/Java/Extensions:/Network/Library/Java/Extensions:/System/Library/Java/Extensions:/usr/lib/java:."/>
    <property name="java.vm.info" value="mixed mode"/>
    <property name="java.vendor" value="AdoptOpenJDK"/>
    <property name="java.vm.version" value="11.0.11+9"/>
    <property name="sun.io.unicode.encoding" value="UnicodeBig"/>
    <property name="java.class.version" value="55.0"/>
  </properties>
  <testcase name="shouldExecuteDelegateWithOutputVariableFunctionCall" classname="io.github.flexcode.camunda.tools.delegate.GenericDelegateTest" time="0.756"/>
  <testcase name="shouldExecuteDelegateWithOutputVariables" classname="io.github.flexcode.camunda.tools.delegate.GenericDelegateTest" time="0.006"/>
  <testcase name="shouldExecuteDelegateWithoutOutputVariables" classname="io.github.flexcode.camunda.tools.delegate.GenericDelegateTest" time="0.01"/>
</testsuite>